<?xml version="1.0" encoding="UTF-8"?>
<!-- Generated by org.testng.reporters.JUnitReportReporter -->
<testsuite hostname="DESKTOP-4K9JEOA" failures="0" tests="5" name="DataProviderAnnotation.AmazonLogin5setData" time="54.652" errors="0" timestamp="2024-04-16T12:00:55 IST" skipped="0">
  <testcase classname="DataProviderAnnotation.AmazonLogin5setData" name="test_data" time="10.797"/>
  <system-out/>
  <testcase classname="DataProviderAnnotation.AmazonLogin5setData" name="test_data" time="11.361"/>
  <system-out/>
  <testcase classname="DataProviderAnnotation.AmazonLogin5setData" name="test_data" time="11.174"/>
  <system-out/>
  <testcase classname="DataProviderAnnotation.AmazonLogin5setData" name="test_data" time="11.876"/>
  <system-out/>
  <testcase classname="DataProviderAnnotation.AmazonLogin5setData" name="test_data" time="9.444"/>
  <system-out/>
</testsuite> <!-- DataProviderAnnotation.AmazonLogin5setData -->
