<?xml version="1.0" encoding="UTF-8"?>
<!-- Generated by org.testng.reporters.JUnitReportReporter -->
<testsuite hostname="DESKTOP-4K9JEOA" failures="0" tests="1" name="Jaya_Maven.Selenium_Maven.Two" time="14.443" errors="0" timestamp="2024-04-05T17:11:53 IST" skipped="0">
  <testcase classname="Jaya_Maven.Selenium_Maven.Two" name="flipkart_login" time="14.443"/>
  <system-out/>
</testsuite> <!-- Jaya_Maven.Selenium_Maven.Two -->
