<?xml version="1.0" encoding="UTF-8"?>
<!-- Generated by org.testng.reporters.JUnitReportReporter -->
<testsuite hostname="DESKTOP-4K9JEOA" failures="0" tests="6" name="Jaya_Maven.Selenium_Maven.MultipleParameters" time="0.021" errors="0" timestamp="2024-04-08T17:01:57 IST" skipped="0">
  <testcase classname="Jaya_Maven.Selenium_Maven.MultipleParameters" name="div" time="0.001"/>
  <system-out/>
  <testcase classname="Jaya_Maven.Selenium_Maven.MultipleParameters" name="div" time="0.001"/>
  <system-out/>
  <testcase classname="Jaya_Maven.Selenium_Maven.MultipleParameters" name="div" time="0.013"/>
  <system-out/>
  <testcase classname="Jaya_Maven.Selenium_Maven.MultipleParameters" name="sub" time="0.001"/>
  <system-out/>
  <testcase classname="Jaya_Maven.Selenium_Maven.MultipleParameters" name="add" time="0.001"/>
  <system-out/>
  <testcase classname="Jaya_Maven.Selenium_Maven.MultipleParameters" name="add" time="0.004"/>
  <system-out/>
</testsuite> <!-- Jaya_Maven.Selenium_Maven.MultipleParameters -->
