<?xml version="1.0" encoding="UTF-8"?>
<!-- Generated by org.testng.reporters.JUnitReportReporter -->
<testsuite hostname="DESKTOP-4K9JEOA" failures="0" tests="7" name="DataProviderAnnotation.DataProviderString" time="0.020" errors="0" timestamp="2024-04-15T18:04:34 IST" skipped="0">
  <testcase classname="DataProviderAnnotation.DataProviderString" name="method2" time="0.002"/>
  <system-out/>
  <testcase classname="DataProviderAnnotation.DataProviderString" name="method2" time="0.011"/>
  <system-out/>
  <testcase classname="DataProviderAnnotation.DataProviderString" name="method2" time="0.002"/>
  <system-out/>
  <testcase classname="DataProviderAnnotation.DataProviderString" name="test" time="0.001"/>
  <system-out/>
  <testcase classname="DataProviderAnnotation.DataProviderString" name="test" time="0.002"/>
  <system-out/>
  <testcase classname="DataProviderAnnotation.DataProviderString" name="method2" time="0.001"/>
  <system-out/>
  <testcase classname="DataProviderAnnotation.DataProviderString" name="test" time="0.001"/>
  <system-out/>
</testsuite> <!-- DataProviderAnnotation.DataProviderString -->
