<?xml version="1.0" encoding="UTF-8"?>
<!-- Generated by org.testng.reporters.JUnitReportReporter -->
<testsuite hostname="DESKTOP-4K9JEOA" failures="0" tests="2" name="Jaya_Maven.Selenium_Maven.PriorityAssignment" time="0.015" errors="0" timestamp="2024-04-05T11:06:45 IST" skipped="0">
  <testcase classname="Jaya_Maven.Selenium_Maven.PriorityAssignment" name="test" time="0.001"/>
  <system-out/>
  <testcase classname="Jaya_Maven.Selenium_Maven.PriorityAssignment" name="login" time="0.014"/>
  <system-out/>
</testsuite> <!-- Jaya_Maven.Selenium_Maven.PriorityAssignment -->
