<?xml version="1.0" encoding="UTF-8"?>
<!-- Generated by org.testng.reporters.JUnitReportReporter -->
<testsuite hostname="DESKTOP-4K9JEOA" failures="0" tests="3" name="ParallelCrossBrowserTesting.FacebookLogin" time="44.845" errors="0" timestamp="2024-04-15T10:33:12 IST" skipped="0">
  <testcase classname="ParallelCrossBrowserTesting.FacebookLogin" name="fb_login" time="17.845"/>
  <system-out/>
  <testcase classname="ParallelCrossBrowserTesting.FacebookLogin" name="fb_login" time="15.481"/>
  <system-out/>
  <testcase classname="ParallelCrossBrowserTesting.FacebookLogin" name="fb_login" time="11.519"/>
  <system-out/>
</testsuite> <!-- ParallelCrossBrowserTesting.FacebookLogin -->
