<?xml version="1.0" encoding="UTF-8"?>
<!-- Generated by org.testng.reporters.JUnitReportReporter -->
<testsuite hostname="DESKTOP-4K9JEOA" failures="0" tests="1" name="Jaya_Maven.Selenium_Maven.SwitchCaseBrowsers" time="19.615" errors="0" timestamp="2024-04-08T20:09:16 IST" skipped="0">
  <testcase classname="Jaya_Maven.Selenium_Maven.SwitchCaseBrowsers" name="testcase1" time="19.615"/>
  <system-out/>
</testsuite> <!-- Jaya_Maven.Selenium_Maven.SwitchCaseBrowsers -->
