<?xml version="1.0" encoding="UTF-8"?>
<!-- Generated by org.testng.reporters.JUnitReportReporter -->
<testsuite hostname="DESKTOP-4K9JEOA" failures="0" tests="1" name="CrossBrowserAssignment.AddNewAddress2" time="69.425" errors="0" timestamp="2024-04-16T20:22:46 IST" skipped="0">
  <testcase classname="CrossBrowserAssignment.AddNewAddress2" name="add_address" time="69.425"/>
  <system-out/>
</testsuite> <!-- CrossBrowserAssignment.AddNewAddress2 -->
