<?xml version="1.0" encoding="UTF-8"?>
<!-- Generated by org.testng.reporters.JUnitReportReporter -->
<testsuite hostname="DESKTOP-4K9JEOA" failures="0" tests="1" name="CrossBrowserAssignment.TestCase1" time="14.588" errors="0" timestamp="2024-04-12T20:31:20 IST" skipped="0">
  <testcase classname="CrossBrowserAssignment.TestCase1" name="login" time="14.588"/>
  <system-out/>
</testsuite> <!-- CrossBrowserAssignment.TestCase1 -->
