<?xml version="1.0" encoding="UTF-8"?>
<!-- Generated by org.testng.reporters.JUnitReportReporter -->
<testsuite hostname="DESKTOP-4K9JEOA" failures="0" tests="1" name="AssertionPrograms.GoogleSearchAssertion" time="8.982" errors="0" timestamp="2024-04-18T11:12:29 IST" skipped="0">
  <testcase classname="AssertionPrograms.GoogleSearchAssertion" name="google_search" time="8.982"/>
  <system-out/>
</testsuite> <!-- AssertionPrograms.GoogleSearchAssertion -->
