<?xml version="1.0" encoding="UTF-8"?>
<!-- Generated by org.testng.reporters.JUnitReportReporter -->
<testsuite hostname="DESKTOP-4K9JEOA" failures="0" tests="1" name="ParallelCrossBrowserTesting.ParallelCrossBrowserTesting" time="16.286" errors="0" timestamp="2024-04-12T15:49:58 IST" skipped="0">
  <testcase classname="ParallelCrossBrowserTesting.ParallelCrossBrowserTesting" name="chrome_browser" time="16.286"/>
  <system-out/>
</testsuite> <!-- ParallelCrossBrowserTesting.ParallelCrossBrowserTesting -->
