<?xml version="1.0" encoding="UTF-8"?>
<!-- Generated by org.testng.reporters.JUnitReportReporter -->
<testsuite hostname="DESKTOP-4K9JEOA" failures="0" tests="3" name="ParallelCrossBrowserTesting.FlipkartLogin" time="80.260" errors="0" timestamp="2024-04-15T10:33:12 IST" skipped="0">
  <testcase classname="ParallelCrossBrowserTesting.FlipkartLogin" name="flipkart_login" time="25.829"/>
  <system-out/>
  <testcase classname="ParallelCrossBrowserTesting.FlipkartLogin" name="flipkart_login" time="23.383"/>
  <system-out/>
  <testcase classname="ParallelCrossBrowserTesting.FlipkartLogin" name="flipkart_login" time="31.048"/>
  <system-out/>
</testsuite> <!-- ParallelCrossBrowserTesting.FlipkartLogin -->
