<?xml version="1.0" encoding="UTF-8"?>
<!-- Generated by org.testng.reporters.JUnitReportReporter -->
<testsuite hostname="DESKTOP-4K9JEOA" failures="0" tests="1" name="CrossBrowserAssignment.LaunchQuit" time="14.239" errors="0" timestamp="2024-04-14T17:32:35 IST" skipped="0">
  <testcase classname="CrossBrowserAssignment.LaunchQuit" name="main" time="14.239"/>
  <system-out/>
</testsuite> <!-- CrossBrowserAssignment.LaunchQuit -->
