<?xml version="1.0" encoding="UTF-8"?>
<!-- Generated by org.testng.reporters.JUnitReportReporter -->
<testsuite hostname="DESKTOP-4K9JEOA" failures="0" tests="1" name="AssertionPrograms.AmazonPaymentAssertion" time="37.990" errors="0" timestamp="2024-04-18T11:01:22 IST" skipped="0">
  <testcase classname="AssertionPrograms.AmazonPaymentAssertion" name="payments" time="37.990"/>
  <system-out/>
</testsuite> <!-- AssertionPrograms.AmazonPaymentAssertion -->
