<?xml version="1.0" encoding="UTF-8"?>
<!-- Generated by org.testng.reporters.JUnitReportReporter -->
<testsuite hostname="DESKTOP-4K9JEOA" failures="0" tests="2" name="AssertionPrograms.AmazonLoginAssertion" time="21.893" errors="0" timestamp="2024-04-18T10:35:36 IST" skipped="0">
  <testcase classname="AssertionPrograms.AmazonLoginAssertion" name="amazon_logout_testcase" time="4.720"/>
  <system-out/>
  <testcase classname="AssertionPrograms.AmazonLoginAssertion" name="amazon_login_testcase" time="17.173"/>
  <system-out/>
</testsuite> <!-- AssertionPrograms.AmazonLoginAssertion -->
