<?xml version="1.0" encoding="UTF-8"?>
<!-- Generated by org.testng.reporters.JUnitReportReporter -->
<testsuite hostname="DESKTOP-4K9JEOA" failures="0" tests="12" name="Jaya_Maven.Selenium_Maven.InvocationCountDemo" time="0.037" errors="0" timestamp="2024-04-05T11:30:55 IST" skipped="0">
  <testcase classname="Jaya_Maven.Selenium_Maven.InvocationCountDemo" name="invokeTest" time="0.002"/>
  <system-out/>
  <testcase classname="Jaya_Maven.Selenium_Maven.InvocationCountDemo" name="invokeTest" time="0.001"/>
  <system-out/>
  <testcase classname="Jaya_Maven.Selenium_Maven.InvocationCountDemo" name="test" time="0.003"/>
  <system-out/>
  <testcase classname="Jaya_Maven.Selenium_Maven.InvocationCountDemo" name="invokeTest" time="0.001"/>
  <system-out/>
  <testcase classname="Jaya_Maven.Selenium_Maven.InvocationCountDemo" name="invokeTest" time="0.003"/>
  <system-out/>
  <testcase classname="Jaya_Maven.Selenium_Maven.InvocationCountDemo" name="invokeTest" time="0.014"/>
  <system-out/>
  <testcase classname="Jaya_Maven.Selenium_Maven.InvocationCountDemo" name="invokeTest" time="0.003"/>
  <system-out/>
  <testcase classname="Jaya_Maven.Selenium_Maven.InvocationCountDemo" name="invokeTest" time="0.002"/>
  <system-out/>
  <testcase classname="Jaya_Maven.Selenium_Maven.InvocationCountDemo" name="invokeTest" time="0.001"/>
  <system-out/>
  <testcase classname="Jaya_Maven.Selenium_Maven.InvocationCountDemo" name="invokeTest" time="0.003"/>
  <system-out/>
  <testcase classname="Jaya_Maven.Selenium_Maven.InvocationCountDemo" name="invokeTest" time="0.003"/>
  <system-out/>
  <testcase classname="Jaya_Maven.Selenium_Maven.InvocationCountDemo" name="logout" time="0.001"/>
  <system-out/>
</testsuite> <!-- Jaya_Maven.Selenium_Maven.InvocationCountDemo -->
