<?xml version="1.0" encoding="UTF-8"?>
<!-- Generated by org.testng.reporters.JUnitReportReporter -->
<testsuite hostname="DESKTOP-4K9JEOA" failures="0" tests="1" name="AmazonCartTestcases.Testcase1" time="15.965" errors="0" timestamp="2024-04-08T17:23:32 IST" skipped="0">
  <testcase classname="AmazonCartTestcases.Testcase1" name="search" time="15.965"/>
  <system-out/>
</testsuite> <!-- AmazonCartTestcases.Testcase1 -->
