<?xml version="1.0" encoding="UTF-8"?>
<!-- Generated by org.testng.reporters.JUnitReportReporter -->
<testsuite hostname="DESKTOP-4K9JEOA" failures="0" tests="3" name="Jaya_Maven.Selenium_Maven.GroupingDemo" time="0.014" errors="0" timestamp="2024-04-08T18:13:50 IST" skipped="0">
  <testcase classname="Jaya_Maven.Selenium_Maven.GroupingDemo" name="sub" time="0.002"/>
  <system-out/>
  <testcase classname="Jaya_Maven.Selenium_Maven.GroupingDemo" name="add" time="0.009"/>
  <system-out/>
  <testcase classname="Jaya_Maven.Selenium_Maven.GroupingDemo" name="multi" time="0.003"/>
  <system-out/>
</testsuite> <!-- Jaya_Maven.Selenium_Maven.GroupingDemo -->
