<?xml version="1.0" encoding="UTF-8"?>
<!-- Generated by org.testng.reporters.JUnitReportReporter -->
<testsuite hostname="DESKTOP-4K9JEOA" failures="0" tests="6" name="Jaya_Maven.Selenium_Maven.TwoParameters" time="0.017" errors="0" timestamp="2024-04-08T12:45:56 IST" skipped="0">
  <testcase classname="Jaya_Maven.Selenium_Maven.TwoParameters" name="div" time="0.001"/>
  <system-out/>
  <testcase classname="Jaya_Maven.Selenium_Maven.TwoParameters" name="div" time="0.001"/>
  <system-out/>
  <testcase classname="Jaya_Maven.Selenium_Maven.TwoParameters" name="div" time="0.011"/>
  <system-out/>
  <testcase classname="Jaya_Maven.Selenium_Maven.TwoParameters" name="sub" time="0.000"/>
  <system-out/>
  <testcase classname="Jaya_Maven.Selenium_Maven.TwoParameters" name="add" time="0.002"/>
  <system-out/>
  <testcase classname="Jaya_Maven.Selenium_Maven.TwoParameters" name="add" time="0.002"/>
  <system-out/>
</testsuite> <!-- Jaya_Maven.Selenium_Maven.TwoParameters -->
