<?xml version="1.0" encoding="UTF-8"?>
<!-- Generated by org.testng.reporters.JUnitReportReporter -->
<testsuite hostname="DESKTOP-4K9JEOA" failures="0" tests="3" name="Jaya_Maven.Selenium_Maven.Registration" time="0.018" errors="0" timestamp="2024-04-04T17:08:49 IST" skipped="0">
  <testcase classname="Jaya_Maven.Selenium_Maven.Registration" name="logout" time="0.013"/>
  <system-out/>
  <testcase classname="Jaya_Maven.Selenium_Maven.Registration" name="login" time="0.002"/>
  <system-out/>
  <testcase classname="Jaya_Maven.Selenium_Maven.Registration" name="register" time="0.003"/>
  <system-out/>
</testsuite> <!-- Jaya_Maven.Selenium_Maven.Registration -->
