<?xml version="1.0" encoding="UTF-8"?>
<!-- Generated by org.testng.reporters.JUnitReportReporter -->
<testsuite hostname="DESKTOP-4K9JEOA" failures="0" tests="1" name="Jaya_Maven.Selenium_Maven.MakeMyTripLogin" time="15.192" errors="0" timestamp="2024-04-16T10:54:28 IST" skipped="0">
  <testcase classname="Jaya_Maven.Selenium_Maven.MakeMyTripLogin" name="makemytrip" time="15.192"/>
  <system-out/>
</testsuite> <!-- Jaya_Maven.Selenium_Maven.MakeMyTripLogin -->
