<?xml version="1.0" encoding="UTF-8"?>
<!-- Generated by org.testng.reporters.JUnitReportReporter -->
<testsuite hostname="DESKTOP-4K9JEOA" failures="0" tests="2" name="AssertionPrograms.AmazonLoginAssertion" time="20.957" errors="0" timestamp="2024-04-17T14:56:03 IST" skipped="0">
  <testcase classname="AssertionPrograms.AmazonLoginAssertion" name="amazon_login_testcase" time="16.415"/>
  <system-out/>
  <testcase classname="AssertionPrograms.AmazonLoginAssertion" name="amazon_logout_testcase" time="4.542"/>
  <system-out/>
</testsuite> <!-- AssertionPrograms.AmazonLoginAssertion -->
