<?xml version="1.0" encoding="UTF-8"?>
<!-- Generated by org.testng.reporters.JUnitReportReporter -->
<testsuite hostname="DESKTOP-4K9JEOA" failures="0" tests="2" name="Skip_Retry_testcases.RetryAmazonLogin" time="24.285" errors="0" timestamp="2024-04-18T15:19:02 IST" skipped="1">
  <testcase classname="Skip_Retry_testcases.RetryAmazonLogin" name="amazon_login" time="10.310"/>
  <system-out/>
  <testcase classname="Skip_Retry_testcases.RetryAmazonLogin" name="amazon_login" time="13.975">
    <skipped/>
  </testcase> <!-- amazon_login -->
  <system-out/>
</testsuite> <!-- Skip_Retry_testcases.RetryAmazonLogin -->
