<?xml version="1.0" encoding="UTF-8"?>
<!-- Generated by org.testng.reporters.JUnitReportReporter -->
<testsuite hostname="DESKTOP-4K9JEOA" failures="0" tests="3" name="Jaya_Maven.Selenium_Maven.AnnotationScenarios" time="0.012" errors="0" timestamp="2024-04-05T16:21:01 IST" skipped="0">
  <testcase classname="Jaya_Maven.Selenium_Maven.AnnotationScenarios" name="test2" time="0.002"/>
  <system-out/>
  <testcase classname="Jaya_Maven.Selenium_Maven.AnnotationScenarios" name="test" time="0.008"/>
  <system-out/>
  <testcase classname="Jaya_Maven.Selenium_Maven.AnnotationScenarios" name="test1" time="0.002"/>
  <system-out/>
</testsuite> <!-- Jaya_Maven.Selenium_Maven.AnnotationScenarios -->
