<?xml version="1.0" encoding="UTF-8"?>
<!-- Generated by org.testng.reporters.JUnitReportReporter -->
<testsuite hostname="DESKTOP-4K9JEOA" failures="0" tests="3" name="ParameterAnnotation.ChoseBrowser" time="20.212" errors="0" timestamp="2024-04-12T17:40:43 IST" skipped="0">
  <testcase classname="ParameterAnnotation.ChoseBrowser" name="google" time="9.298"/>
  <system-out/>
  <testcase classname="ParameterAnnotation.ChoseBrowser" name="google" time="5.984"/>
  <system-out/>
  <testcase classname="ParameterAnnotation.ChoseBrowser" name="google" time="4.930"/>
  <system-out/>
</testsuite> <!-- ParameterAnnotation.ChoseBrowser -->
