<?xml version="1.0" encoding="UTF-8"?>
<!-- Generated by org.testng.reporters.JUnitReportReporter -->
<testsuite hostname="DESKTOP-4K9JEOA" failures="0" tests="1" name="Jaya_Maven.Selenium_Maven.BrowserLaunch" time="19.270" errors="0" timestamp="2024-04-08T18:56:13 IST" skipped="0">
  <testcase classname="Jaya_Maven.Selenium_Maven.BrowserLaunch" name="testcase1" time="19.270"/>
  <system-out/>
</testsuite> <!-- Jaya_Maven.Selenium_Maven.BrowserLaunch -->
