<?xml version="1.0" encoding="UTF-8"?>
<!-- Generated by org.testng.reporters.JUnitReportReporter -->
<testsuite hostname="DESKTOP-4K9JEOA" failures="0" tests="6" name="GroupingPackage.Grouping15" time="0.027" errors="0" timestamp="2024-04-08T18:35:57 IST" skipped="0">
  <testcase classname="GroupingPackage.Grouping15" name="test15" time="0.002"/>
  <system-out/>
  <testcase classname="GroupingPackage.Grouping15" name="test11" time="0.002"/>
  <system-out/>
  <testcase classname="GroupingPackage.Grouping15" name="test9" time="0.005"/>
  <system-out/>
  <testcase classname="GroupingPackage.Grouping15" name="test10" time="0.012"/>
  <system-out/>
  <testcase classname="GroupingPackage.Grouping15" name="test12" time="0.001"/>
  <system-out/>
  <testcase classname="GroupingPackage.Grouping15" name="test3" time="0.005"/>
  <system-out/>
</testsuite> <!-- GroupingPackage.Grouping15 -->
