<?xml version="1.0" encoding="UTF-8"?>
<!-- Generated by org.testng.reporters.JUnitReportReporter -->
<testsuite hostname="DESKTOP-4K9JEOA" failures="0" tests="1" name="AssertionPrograms.FlipkartLoginAssertion" time="11.828" errors="0" timestamp="2024-04-17T17:56:56 IST" skipped="0">
  <testcase classname="AssertionPrograms.FlipkartLoginAssertion" name="flipkart_login" time="11.828"/>
  <system-out/>
</testsuite> <!-- AssertionPrograms.FlipkartLoginAssertion -->
