<?xml version="1.0" encoding="UTF-8"?>
<!-- Generated by org.testng.reporters.JUnitReportReporter -->
<testsuite hostname="DESKTOP-4K9JEOA" failures="0" tests="1" name="ParallelCrossBrowserTesting.SwitchCaseBrowsers" time="10.248" errors="0" timestamp="2024-04-12T16:07:47 IST" skipped="0">
  <testcase classname="ParallelCrossBrowserTesting.SwitchCaseBrowsers" name="testcase1" time="10.248"/>
  <system-out/>
</testsuite> <!-- ParallelCrossBrowserTesting.SwitchCaseBrowsers -->
