<?xml version="1.0" encoding="UTF-8"?>
<!-- Generated by org.testng.reporters.JUnitReportReporter -->
<testsuite hostname="DESKTOP-4K9JEOA" failures="0" tests="2" name="DataProviderAnnotation.Fb_login_multiDimensional" time="10.495" errors="0" timestamp="2024-04-16T11:33:23 IST" skipped="0">
  <testcase classname="DataProviderAnnotation.Fb_login_multiDimensional" name="login_method" time="6.401"/>
  <system-out/>
  <testcase classname="DataProviderAnnotation.Fb_login_multiDimensional" name="login_method" time="4.094"/>
  <system-out/>
</testsuite> <!-- DataProviderAnnotation.Fb_login_multiDimensional -->
