<?xml version="1.0" encoding="UTF-8"?>
<!-- Generated by org.testng.reporters.JUnitReportReporter -->
<testsuite hostname="DESKTOP-4K9JEOA" failures="0" tests="10" name="GroupingPackage.Grouping15" time="0.033" errors="0" timestamp="2024-04-18T15:32:21 IST" skipped="0">
  <testcase classname="GroupingPackage.Grouping15" name="test10" time="0.016"/>
  <system-out/>
  <testcase classname="GroupingPackage.Grouping15" name="test11" time="0.002"/>
  <system-out/>
  <testcase classname="GroupingPackage.Grouping15" name="test12" time="0.002"/>
  <system-out/>
  <testcase classname="GroupingPackage.Grouping15" name="test13" time="0.001"/>
  <system-out/>
  <testcase classname="GroupingPackage.Grouping15" name="test14" time="0.002"/>
  <system-out/>
  <testcase classname="GroupingPackage.Grouping15" name="test7" time="0.004"/>
  <system-out/>
  <testcase classname="GroupingPackage.Grouping15" name="test5" time="0.001"/>
  <system-out/>
  <testcase classname="GroupingPackage.Grouping15" name="test9" time="0.002"/>
  <system-out/>
  <testcase classname="GroupingPackage.Grouping15" name="test4" time="0.002"/>
  <system-out/>
  <testcase classname="GroupingPackage.Grouping15" name="test3" time="0.001"/>
  <system-out/>
</testsuite> <!-- GroupingPackage.Grouping15 -->
