<?xml version="1.0" encoding="UTF-8"?>
<!-- Generated by org.testng.reporters.JUnitReportReporter -->
<testsuite hostname="DESKTOP-4K9JEOA" failures="0" tests="1" name="RepoeterLog.Reporter_Log" time="0.017" errors="0" timestamp="2024-04-22T11:35:11 IST" skipped="0">
  <testcase classname="RepoeterLog.Reporter_Log" name="testcase" time="0.017"/>
  <system-out>
    <![CDATA[print on report using this]]>
  </system-out>
</testsuite> <!-- RepoeterLog.Reporter_Log -->
