<?xml version="1.0" encoding="UTF-8"?>
<!-- Generated by org.testng.reporters.JUnitReportReporter -->
<testsuite hostname="DESKTOP-4K9JEOA" failures="0" tests="2" name="Jaya_Maven.Selenium_Maven.EnabledDemo" time="0.011" errors="0" timestamp="2024-04-05T11:46:12 IST" skipped="1">
  <testcase classname="Jaya_Maven.Selenium_Maven.EnabledDemo" name="test" time="0.011"/>
  <system-out/>
  <testcase classname="Jaya_Maven.Selenium_Maven.EnabledDemo" name="logout">
    <skipped/>
  </testcase> <!-- logout -->
  <system-out/>
</testsuite> <!-- Jaya_Maven.Selenium_Maven.EnabledDemo -->
