<?xml version="1.0" encoding="UTF-8"?>
<!-- Generated by org.testng.reporters.JUnitReportReporter -->
<testsuite hostname="DESKTOP-4K9JEOA" failures="0" tests="2" name="DataProviderAnnotation.TcUsingDataProvider" time="0.012" errors="0" timestamp="2024-04-15T17:50:01 IST" skipped="0">
  <testcase classname="DataProviderAnnotation.TcUsingDataProvider" name="test1" time="0.002"/>
  <system-out/>
  <testcase classname="DataProviderAnnotation.TcUsingDataProvider" name="test1" time="0.010"/>
  <system-out/>
</testsuite> <!-- DataProviderAnnotation.TcUsingDataProvider -->
