<?xml version="1.0" encoding="UTF-8"?>
<!-- Generated by org.testng.reporters.JUnitReportReporter -->
<testsuite hostname="DESKTOP-4K9JEOA" failures="0" tests="1" name="Jaya_Maven.Selenium_Maven.All_Annotations" time="0.010" errors="0" timestamp="2024-04-05T13:06:07 IST" skipped="0">
  <testcase classname="Jaya_Maven.Selenium_Maven.All_Annotations" name="test" time="0.010"/>
  <system-out/>
</testsuite> <!-- Jaya_Maven.Selenium_Maven.All_Annotations -->
