<?xml version="1.0" encoding="UTF-8"?>
<!-- Generated by org.testng.reporters.JUnitReportReporter -->
<testsuite hostname="DESKTOP-4K9JEOA" failures="0" tests="3" name="ParallelCrossBrowserTesting.AmazonLogin" time="85.934" errors="0" timestamp="2024-04-15T10:33:12 IST" skipped="0">
  <testcase classname="ParallelCrossBrowserTesting.AmazonLogin" name="amazon_login" time="27.702"/>
  <system-out/>
  <testcase classname="ParallelCrossBrowserTesting.AmazonLogin" name="amazon_login" time="27.565"/>
  <system-out/>
  <testcase classname="ParallelCrossBrowserTesting.AmazonLogin" name="amazon_login" time="30.667"/>
  <system-out/>
</testsuite> <!-- ParallelCrossBrowserTesting.AmazonLogin -->
